<?xml version="1.0" encoding="UTF-8"?>
<!-- Generated by org.testng.reporters.JUnitReportReporter -->
<testsuite skipped="0" hostname="DESKTOP-1NFLAVR" name="com.mytest.httpclient.test.RequestMethodTest" tests="4" failures="0" timestamp="2020-11-10T09:38:13 CST" time="5.716" errors="0">
  <testcase name="postByJsonTest" time="0.980" classname="com.mytest.httpclient.test.RequestMethodTest"/>
  <system-out/>
  <testcase name="postByFormTest" time="1.036" classname="com.mytest.httpclient.test.RequestMethodTest"/>
  <system-out/>
  <testcase name="deleteApiTest" time="2.691" classname="com.mytest.httpclient.test.RequestMethodTest"/>
  <system-out/>
  <testcase name="putTest" time="1.009" classname="com.mytest.httpclient.test.RequestMethodTest"/>
  <system-out/>
</testsuite> <!-- com.mytest.httpclient.test.RequestMethodTest -->
