<?xml version="1.0" encoding="UTF-8"?>
<!-- Generated by org.testng.reporters.JUnitReportReporter -->
<testsuite skipped="0" hostname="DESKTOP-1NFLAVR" name="com.mytest.httpclient.test.testGet" tests="1" failures="0" timestamp="2020-11-10T09:37:24 CST" time="1.945" errors="0">
  <testcase name="getTest" time="1.945" classname="com.mytest.httpclient.test.testGet"/>
  <system-out/>
</testsuite> <!-- com.mytest.httpclient.test.testGet -->
