<?xml version="1.0" encoding="UTF-8"?>
<!-- Generated by org.testng.reporters.JUnitReportReporter -->
<testsuite skipped="0" hostname="DESKTOP-1NFLAVR" name="com.mytest.httpclient.test.M.RequireWorkTable" tests="5" failures="0" timestamp="2020-11-11T09:12:18 CST" time="1.177" errors="0">
  <testcase name="getAssessSum" time="0.120" classname="com.mytest.httpclient.test.M.RequireWorkTable"/>
  <system-out/>
  <testcase name="getRequirementSum" time="0.202" classname="com.mytest.httpclient.test.M.RequireWorkTable"/>
  <system-out/>
  <testcase name="getLastRecent" time="0.054" classname="com.mytest.httpclient.test.M.RequireWorkTable"/>
  <system-out/>
  <testcase name="getWorkInfo" time="0.168" classname="com.mytest.httpclient.test.M.RequireWorkTable"/>
  <system-out/>
  <testcase name="dynamicInfo" time="0.633" classname="com.mytest.httpclient.test.M.RequireWorkTable"/>
  <system-out/>
</testsuite> <!-- com.mytest.httpclient.test.M.RequireWorkTable -->
